<?xml version="1.0" encoding="UTF-8"?>
<!-- Generated by org.testng.reporters.JUnitXMLReporter -->
<testsuite hostname="LM-SJL-11010559" ignored="2" name="Application Test" tests="2" failures="0" timestamp="24 Feb 2020 05:21:27 GMT" time="0.025" errors="0">
  <testcase name="testMethod" time="0.004" classname="regressionSuite.TestNG_TestClass1"/>
  <testcase name="testMethod" time="0.002" classname="regressionSuite.TestNG_TestClass2"/>
  <testcase name="@BeforeSuite beforeSuite" time="0.0" classname="base.BaseTestSuite">
    <ignored/>
  </testcase> <!-- @BeforeSuite beforeSuite -->
  <testcase name="@AfterSuite afterSuite" time="0.0" classname="base.BaseTestSuite">
    <ignored/>
  </testcase> <!-- @AfterSuite afterSuite -->
</testsuite> <!-- Application Test -->
