<?xml version="1.0" encoding="UTF-8"?>
<!-- Generated by org.testng.reporters.JUnitXMLReporter -->
<testsuite hostname="LM-SJL-11010559" ignored="0" name="Group Demo Test" tests="4" failures="0" timestamp="24 Feb 2020 05:49:45 GMT" time="0.041" errors="0">
  <testcase name="testAudiA6" time="0.006" classname="testClasses.TestNg_Grouping"/>
  <testcase name="testBMWX6" time="0.002" classname="testClasses.TestNg_Grouping"/>
  <testcase name="testHondaCBR" time="0.002" classname="testClasses.TestNg_Grouping"/>
  <testcase name="testNinja" time="0.001" classname="testClasses.TestNg_Grouping"/>
</testsuite> <!-- Group Demo Test -->
