<?xml version="1.0" encoding="UTF-8"?>
<testng-results skipped="0" failed="0" ignored="0" total="2" passed="2">
  <reporter-output>
  </reporter-output>
  <suite name="Default suite" duration-ms="34" started-at="2020-02-24T08:50:28Z" finished-at="2020-02-24T08:50:28Z">
    <groups>
    </groups>
    <test name="Default test" duration-ms="34" started-at="2020-02-24T08:50:28Z" finished-at="2020-02-24T08:50:28Z">
      <class name="testClasses.TestNG_DataProviders2">
        <test-method status="PASS" signature="testMethod(java.lang.String, java.lang.String)[pri:0, instance:testClasses.TestNG_DataProviders2@50c87b21]" name="testMethod" duration-ms="8" started-at="2020-02-24T08:50:28Z" data-provider="dp" finished-at="2020-02-24T08:50:28Z">
          <params>
            <param index="0">
              <value>
                <![CDATA[One]]>
              </value>
            </param>
            <param index="1">
              <value>
                <![CDATA[1]]>
              </value>
            </param>
          </params>
          <reporter-output>
          </reporter-output>
        </test-method> <!-- testMethod -->
        <test-method status="PASS" signature="testMethod(java.lang.String, java.lang.String)[pri:0, instance:testClasses.TestNG_DataProviders2@50c87b21]" name="testMethod" duration-ms="2" started-at="2020-02-24T08:50:28Z" data-provider="dp" finished-at="2020-02-24T08:50:28Z">
          <params>
            <param index="0">
              <value>
                <![CDATA[Two]]>
              </value>
            </param>
            <param index="1">
              <value>
                <![CDATA[2]]>
              </value>
            </param>
          </params>
          <reporter-output>
          </reporter-output>
        </test-method> <!-- testMethod -->
      </class> <!-- testClasses.TestNG_DataProviders2 -->
    </test> <!-- Default test -->
  </suite> <!-- Default suite -->
</testng-results>
